<?xml version="1.0" encoding="UTF-8"?>
<!-- Generated by org.testng.reporters.JUnitReportReporter -->
<testsuite name="com.cool.testers.selenium.AppTest" tests="1" time="5.108" ignored="1" failures="0" timestamp="03 oct 2020 16:01:31 GMT" skipped="0" hostname="SERVIAP-PC35" errors="0">
  <testcase name="trueTituloPagina" time="5.108" classname="com.cool.testers.selenium.AppTest"/>
  <testcase name="equalsTituloPagina" classname="com.cool.testers.selenium.AppTest">
    <skipped/>
  </testcase> <!-- equalsTituloPagina -->
</testsuite> <!-- com.cool.testers.selenium.AppTest -->
