<?xml version="1.0" encoding="UTF-8"?>
<!-- Generated by org.testng.reporters.JUnitReportReporter -->
<testsuite name="com.cool.testers.selenium.navigation.pages.LoginTest" tests="1" time="1.522" ignored="0" failures="0" timestamp="10 oct 2020 14:11:33 GMT" skipped="0" hostname="SERVIAP-PC35" errors="0">
  <testcase name="loginTest" time="1.522" classname="com.cool.testers.selenium.navigation.pages.LoginTest"/>
</testsuite> <!-- com.cool.testers.selenium.navigation.pages.LoginTest -->
