<?xml version="1.0" encoding="UTF-8"?>
<!-- Generated by org.testng.reporters.JUnitReportReporter -->
<testsuite name="com.cool.testers.selenium.AppTest" tests="1" time="0.008" ignored="0" failures="0" timestamp="12 sep 2020 13:48:33 GMT" skipped="0" hostname="SERVIAP-PC35" errors="0">
  <testcase name="shouldAnswerWithTrue" time="0.008" classname="com.cool.testers.selenium.AppTest"/>
</testsuite> <!-- com.cool.testers.selenium.AppTest -->
