<?xml version="1.0" encoding="UTF-8"?>
<!-- Generated by org.testng.reporters.JUnitReportReporter -->
<testsuite name="com.cool.testers.selenium.navigation.pages.IncorrectLoginTest" tests="1" time="1.015" ignored="0" failures="0" timestamp="10 oct 2020 14:46:23 GMT" skipped="0" hostname="SERVIAP-PC35" errors="0">
  <testcase name="loginTest" time="1.015" classname="com.cool.testers.selenium.navigation.pages.IncorrectLoginTest"/>
</testsuite> <!-- com.cool.testers.selenium.navigation.pages.IncorrectLoginTest -->
