<?xml version="1.0" encoding="UTF-8"?>
<!-- Generated by org.testng.reporters.JUnitReportReporter -->
<testsuite name="com.cool.testers.selenium.navigation.pages.LoginParameterTest" tests="1" time="1.642" ignored="0" failures="0" timestamp="17 oct 2020 14:17:21 GMT" skipped="0" hostname="SERVIAP-PC35" errors="0">
  <testcase name="loginParameterTest" time="1.642" classname="com.cool.testers.selenium.navigation.pages.LoginParameterTest"/>
</testsuite> <!-- com.cool.testers.selenium.navigation.pages.LoginParameterTest -->
