<?xml version="1.0" encoding="UTF-8"?>
<!-- Generated by org.testng.reporters.JUnitReportReporter -->
<testsuite name="com.cool.testers.selenium.navigation.pages.CorrectLoginTest" tests="1" time="2.889" ignored="0" failures="0" timestamp="10 oct 2020 17:16:50 GMT" skipped="0" hostname="SERVIAP-PC35" errors="0">
  <testcase name="loginTest" time="2.889" classname="com.cool.testers.selenium.navigation.pages.CorrectLoginTest"/>
</testsuite> <!-- com.cool.testers.selenium.navigation.pages.CorrectLoginTest -->
